-------------------------------------------------------------------------------
Test set: As a user, I should be able to remove files from the favorites and upload a file directly
-------------------------------------------------------------------------------
Tests run: 1, Failures: 0, Errors: 1, Skipped: 0, Time elapsed: 92.806 s <<< FAILURE! - in As a user, I should be able to remove files from the favorites and upload a file directly
As a user, I should be able to remove files from the favorites and upload a file directly.Scenario: Verify users can upload a file inside a folder  Time elapsed: 92.806 s  <<< ERROR!
java.lang.IndexOutOfBoundsException: Index -2 out of bounds for length 0

