<?xml version="1.0" encoding="UTF-8"?>
<testsuite xmlns:xsi="http://www.w3.org/2001/XMLSchema-instance" xsi:noNamespaceSchemaLocation="https://maven.apache.org/surefire/maven-surefire-plugin/xsd/surefire-test-report-3.0.xsd" version="3.0" name="As a user, I should be able to remove files from favorites and upload a file directly" time="102.671" tests="2" errors="0" skipped="0" failures="0">
  <properties>
[...]
</properties>
  <testcase name="Verify users to remove files to Favorites" classname="As a user, I should be able to remove files from favorites and upload a file directly" time="62.142">
    <system-out><![CDATA[Nov 24, 2022 1:26:22 AM net.masterthought.cucumber.ReportParser parseJsonFiles
INFO: File 'C:\Users\RUNNER~1\AppData\Local\Temp\cucumber4388967429197671428.json' contains 1 features

&amp#27;[32m&amp#27;[1m┌──────────────────────────────────────────────────────────────────────────┐&amp#27;[0m
&amp#27;[32m&amp#27;[1m│&amp#27;[0m View your Cucumber Report at:                                            &amp#27;[32m&amp#27;[1m│&amp#27;[0m
&amp#27;[32m&amp#27;[1m│&amp#27;[0m &amp#27;[1m&amp#27;[36m&amp#27;[4mhttps://reports.cucumber.io/reports/6901b529-0291-4236-85dc-a52eb9105fa1&amp#27;[0m &amp#27;[32m&amp#27;[1m│&amp#27;[0m
&amp#27;[32m&amp#27;[1m│&amp#27;[0m                                                                          &amp#27;[32m&amp#27;[1m│&amp#27;[0m
&amp#27;[32m&amp#27;[1m│&amp#27;[0m &amp#27;[1mThis report will self-destruct in 24h.&amp#27;[0m                                   &amp#27;[32m&amp#27;[1m│&amp#27;[0m
&amp#27;[32m&amp#27;[1m│&amp#27;[0m Keep reports forever: &amp#27;[4m&amp#27;[1m&amp#27;[36mhttps://reports.cucumber.io/profile&amp#27;[0m                &amp#27;[32m&amp#27;[1m│&amp#27;[0m
&amp#27;[32m&amp#27;[1m└──────────────────────────────────────────────────────────────────────────┘&amp#27;[0m

@US6
Scenario Outline: Verify users to remove files to Favorites                  &amp#27;[90m# src/test/resources/features/US6.feature:21&amp#27;[0m
Browser: chrome
  &amp#27;[32mGiven &amp#27;[0m&amp#27;[32muser on the login page&amp#27;[0m                                               &amp#27;[90m# com.trycloud.step_definitions.US1_Steps.user_on_the_login()&amp#27;[0m
  &amp#27;[32mWhen &amp#27;[0m&amp#27;[32muser types username &amp#27;[0m&amp#27;[32m&amp#27;[1m"User94"&amp#27;[0m&amp#27;[32m and password &amp#27;[0m&amp#27;[32m&amp#27;[1m"Userpass123"&amp#27;[0m               &amp#27;[90m# com.trycloud.step_definitions.US1_Steps.user_use_username_and_passcode(java.lang.String,java.lang.String)&amp#27;[0m
  &amp#27;[32mAnd &amp#27;[0m&amp#27;[32muser click the login button&amp#27;[0m                                            &amp#27;[90m# com.trycloud.step_definitions.US1_Steps.user_click_the_login_button()&amp#27;[0m
  &amp#27;[32mWhen &amp#27;[0m&amp#27;[32mthe user clicks the &amp#27;[0m&amp#27;[32m&amp#27;[1m"Files"&amp#27;[0m&amp#27;[32m module&amp#27;[0m                                    &amp#27;[90m# com.trycloud.step_definitions.US4_Steps.theUserClicksTheModule(java.lang.String)&amp#27;[0m
name = 4Lambda
  &amp#27;[32mWhen &amp#27;[0m&amp#27;[32mthe user clicks action-icon from any file on the page to remove&amp#27;[0m       &amp#27;[90m# com.trycloud.step_definitions.US6_Steps.the_users_click_action_icon_from_any_file_on_the_page_to_remove()&amp#27;[0m
  &amp#27;[32mAnd &amp#27;[0m&amp#27;[32muser choose the &amp#27;[0m&amp#27;[32m&amp#27;[1m"Remove from favorites"&amp#27;[0m&amp#27;[32m option&amp#27;[0m                         &amp#27;[90m# com.trycloud.step_definitions.US6_Steps.user_choose_the_option(java.lang.String)&amp#27;[0m
  &amp#27;[32mAnd &amp#27;[0m&amp#27;[32muser click the &amp#27;[0m&amp#27;[32m&amp#27;[1m"Favorites"&amp#27;[0m&amp#27;[32m sub-module on the left side&amp#27;[0m                 &amp#27;[90m# com.trycloud.step_definitions.US6_Steps.user_click_the_sub_module_on_the_left_side(java.lang.String)&amp#27;[0m






EugeneFileAdded
Talk
Tiger
walking
Readme
  &amp#27;[32mThen &amp#27;[0m&amp#27;[32mverify that the file is removed from the Favorites sub-moduleâ€™s table&amp#27;[0m &amp#27;[90m# com.trycloud.step_definitions.US6_Steps.verify_that_the_file_is_removed_from_the_favorites_sub_module_s_table()&amp#27;[0m
]]></system-out>
    <system-err><![CDATA[SLF4J: Failed to load class "org.slf4j.impl.StaticLoggerBinder".
SLF4J: Defaulting to no-operation (NOP) logger implementation
SLF4J: See http://www.slf4j.org/codes.html#StaticLoggerBinder for further details.
Starting ChromeDriver 107.0.5304.62 (1eec40d3a5764881c92085aaee66d25075c159aa-refs/branch-heads/5304@{#942}) on port 32387
Only local connections are allowed.
Please see https://chromedriver.chromium.org/security-considerations for suggestions on keeping ChromeDriver safe.
ChromeDriver was started successfully.
Nov 24, 2022 1:24:53 AM org.openqa.selenium.remote.ProtocolHandshake createSession
INFO: Detected dialect: W3C
]]></system-err>
  </testcase>
  <testcase name="verify users to upload a file from Files" classname="As a user, I should be able to remove files from favorites and upload a file directly" time="40.529">
    <system-out><![CDATA[
@US6
Scenario Outline: verify users to upload a file from Files     &amp#27;[90m# src/test/resources/features/US6.feature:33&amp#27;[0m
Browser: chrome
  &amp#27;[32mGiven &amp#27;[0m&amp#27;[32muser on the login page&amp#27;[0m                                 &amp#27;[90m# com.trycloud.step_definitions.US1_Steps.user_on_the_login()&amp#27;[0m
  &amp#27;[32mWhen &amp#27;[0m&amp#27;[32muser types username &amp#27;[0m&amp#27;[32m&amp#27;[1m"User34"&amp#27;[0m&amp#27;[32m and password &amp#27;[0m&amp#27;[32m&amp#27;[1m"Userpass123"&amp#27;[0m &amp#27;[90m# com.trycloud.step_definitions.US1_Steps.user_use_username_and_passcode(java.lang.String,java.lang.String)&amp#27;[0m
  &amp#27;[32mAnd &amp#27;[0m&amp#27;[32muser click the login button&amp#27;[0m                              &amp#27;[90m# com.trycloud.step_definitions.US1_Steps.user_click_the_login_button()&amp#27;[0m
  &amp#27;[32mWhen &amp#27;[0m&amp#27;[32mthe user clicks the &amp#27;[0m&amp#27;[32m&amp#27;[1m"Files"&amp#27;[0m&amp#27;[32m module&amp#27;[0m                      &amp#27;[90m# com.trycloud.step_definitions.US4_Steps.theUserClicksTheModule(java.lang.String)&amp#27;[0m
  &amp#27;[32mAnd &amp#27;[0m&amp#27;[32muser uploads file with the &amp#27;[0m&amp#27;[32m&amp#27;[1m"Upload"&amp#27;[0m&amp#27;[32m file option&amp#27;[0m          &amp#27;[90m# com.trycloud.step_definitions.US10_Steps.user_uploads_file_with_the_file_option(java.lang.String)&amp#27;[0m
fileName = Whhyyy
  &amp#27;[32mThen &amp#27;[0m&amp#27;[32mverify the file is displayed on the page&amp#27;[0m                &amp#27;[90m# com.trycloud.step_definitions.US6_Steps.verify_the_file_is_displayed_on_the_page()&amp#27;[0m
]]></system-out>
    <system-err><![CDATA[Starting ChromeDriver 107.0.5304.62 (1eec40d3a5764881c92085aaee66d25075c159aa-refs/branch-heads/5304@{#942}) on port 43941
Only local connections are allowed.
Please see https://chromedriver.chromium.org/security-considerations for suggestions on keeping ChromeDriver safe.
ChromeDriver was started successfully.
Nov 24, 2022 1:25:42 AM org.openqa.selenium.remote.ProtocolHandshake createSession
INFO: Detected dialect: W3C
]]></system-err>
  </testcase>
</testsuite>