<?xml version="1.0" encoding="UTF-8"?>
<testsuite xmlns:xsi="http://www.w3.org/2001/XMLSchema-instance" xsi:noNamespaceSchemaLocation="https://maven.apache.org/surefire/maven-surefire-plugin/xsd/surefire-test-report-3.0.xsd" version="3.0" name="As a user, I should be able to access to Files module. #1" time="177.754" tests="2" errors="0" skipped="0" failures="0">
  <properties>
[...]
</properties>
  <testcase name="verify users can access to Files module #1" classname="As a user, I should be able to access to Files module. #1" time="94.555">
    <system-out><![CDATA[
@US4 @smoketest
Scenario Outline: verify users can access to Files module      &amp#27;[90m# src/test/resources/features/US4.feature:14&amp#27;[0m
Browser: chrome
  &amp#27;[32mGiven &amp#27;[0m&amp#27;[32muser on the login page&amp#27;[0m                                 &amp#27;[90m# com.trycloud.step_definitions.US1_Steps.user_on_the_login()&amp#27;[0m
  &amp#27;[32mWhen &amp#27;[0m&amp#27;[32muser types username &amp#27;[0m&amp#27;[32m&amp#27;[1m"user34"&amp#27;[0m&amp#27;[32m and password &amp#27;[0m&amp#27;[32m&amp#27;[1m"Userpass123"&amp#27;[0m &amp#27;[90m# com.trycloud.step_definitions.US1_Steps.user_use_username_and_passcode(java.lang.String,java.lang.String)&amp#27;[0m
  &amp#27;[32mAnd &amp#27;[0m&amp#27;[32muser click the login button&amp#27;[0m                              &amp#27;[90m# com.trycloud.step_definitions.US1_Steps.user_click_the_login_button()&amp#27;[0m
  &amp#27;[32mWhen &amp#27;[0m&amp#27;[32mthe user clicks the &amp#27;[0m&amp#27;[32m&amp#27;[1m"Files"&amp#27;[0m&amp#27;[32m module&amp#27;[0m                      &amp#27;[90m# com.trycloud.step_definitions.US4_Steps.theUserClicksTheModule(java.lang.String)&amp#27;[0m
  &amp#27;[32mThen &amp#27;[0m&amp#27;[32mverify the page title is &amp#27;[0m&amp#27;[32m&amp#27;[1m"Files - Trycloud"&amp#27;[0m             &amp#27;[90m# com.trycloud.step_definitions.US4_Steps.verify_the_page_title_is(java.lang.String)&amp#27;[0m
]]></system-out>
    <system-err><![CDATA[Starting ChromeDriver 108.0.5359.71 (1e0e3868ee06e91ad636a874420e3ca3ae3756ac-refs/branch-heads/5359@{#1016}) on port 18140
Only local connections are allowed.
Please see https://chromedriver.chromium.org/security-considerations for suggestions on keeping ChromeDriver safe.
ChromeDriver was started successfully.
Dec 09, 2022 6:37:57 PM org.openqa.selenium.remote.ProtocolHandshake createSession
INFO: Detected dialect: W3C
]]></system-err>
  </testcase>
  <testcase name="verify users can access to Files module #2" classname="As a user, I should be able to access to Files module. #1" time="83.199">
    <system-out><![CDATA[
@US4 @smoketest
Scenario Outline: verify users can access to Files module     &amp#27;[90m# src/test/resources/features/US4.feature:28&amp#27;[0m
Browser: chrome
  &amp#27;[32mGiven &amp#27;[0m&amp#27;[32muser on the login page&amp#27;[0m                                &amp#27;[90m# com.trycloud.step_definitions.US1_Steps.user_on_the_login()&amp#27;[0m
  &amp#27;[32mWhen &amp#27;[0m&amp#27;[32muser types username &amp#27;[0m&amp#27;[32m&amp#27;[1m"user4"&amp#27;[0m&amp#27;[32m and password &amp#27;[0m&amp#27;[32m&amp#27;[1m"Userpass123"&amp#27;[0m &amp#27;[90m# com.trycloud.step_definitions.US1_Steps.user_use_username_and_passcode(java.lang.String,java.lang.String)&amp#27;[0m
  &amp#27;[32mAnd &amp#27;[0m&amp#27;[32muser click the login button&amp#27;[0m                             &amp#27;[90m# com.trycloud.step_definitions.US1_Steps.user_click_the_login_button()&amp#27;[0m
  &amp#27;[32mWhen &amp#27;[0m&amp#27;[32mthe user clicks the &amp#27;[0m&amp#27;[32m&amp#27;[1m"Files"&amp#27;[0m&amp#27;[32m module&amp#27;[0m                     &amp#27;[90m# com.trycloud.step_definitions.US4_Steps.theUserClicksTheModule(java.lang.String)&amp#27;[0m
  &amp#27;[32mAnd &amp#27;[0m&amp#27;[32muser click the top-left checkbox of the table&amp#27;[0m           &amp#27;[90m# com.trycloud.step_definitions.US4_Steps.user_click_the_top_left_checkbox_of_the_table()&amp#27;[0m
  &amp#27;[32mThen &amp#27;[0m&amp#27;[32mverify all the files are selected&amp#27;[0m                      &amp#27;[90m# com.trycloud.step_definitions.US4_Steps.verify_all_the_files_are_selected()&amp#27;[0m
]]></system-out>
    <system-err><![CDATA[Starting ChromeDriver 108.0.5359.71 (1e0e3868ee06e91ad636a874420e3ca3ae3756ac-refs/branch-heads/5359@{#1016}) on port 35971
Only local connections are allowed.
Please see https://chromedriver.chromium.org/security-considerations for suggestions on keeping ChromeDriver safe.
ChromeDriver was started successfully.
Dec 09, 2022 6:39:39 PM org.openqa.selenium.remote.ProtocolHandshake createSession
INFO: Detected dialect: W3C
]]></system-err>
  </testcase>
</testsuite>